<?xml version="1.0" encoding="UTF-8"?>
<testsuite name="com.tasks.SmashWordsTest" tests="3" skipped="0" failures="0" errors="0" timestamp="2023-05-08T21:29:15" hostname="LAPTOP-DS1B2MLD" time="0.027">
  <properties/>
  <testcase name="validate()" classname="com.tasks.SmashWordsTest" time="0.023"/>
  <testcase name="validateOneWord()" classname="com.tasks.SmashWordsTest" time="0.001"/>
  <testcase name="validateEmpty()" classname="com.tasks.SmashWordsTest" time="0.001"/>
  <system-out><![CDATA[]]></system-out>
  <system-err><![CDATA[]]></system-err>
</testsuite>
