<?xml version="1.0" encoding="UTF-8"?>
<testsuite name="com.tasks.RepeatStringTest" tests="4" skipped="0" failures="0" errors="0" timestamp="2023-05-16T20:07:33" hostname="LAPTOP-DS1B2MLD" time="0.021">
  <properties/>
  <testcase name="test0kata()" classname="com.tasks.RepeatStringTest" time="0.017"/>
  <testcase name="test4a()" classname="com.tasks.RepeatStringTest" time="0.0"/>
  <testcase name="test3Hello()" classname="com.tasks.RepeatStringTest" time="0.0"/>
  <testcase name="test5empty()" classname="com.tasks.RepeatStringTest" time="0.001"/>
  <system-out><![CDATA[]]></system-out>
  <system-err><![CDATA[]]></system-err>
</testsuite>
