<?xml version="1.0" encoding="UTF-8"?>
<testsuite name="com.tasks.ArrayDiffTest" tests="1" skipped="0" failures="0" errors="0" timestamp="2023-06-11T21:33:27" hostname="LAPTOP-DS1B2MLD" time="0.02">
  <properties/>
  <testcase name="sampleTests()" classname="com.tasks.ArrayDiffTest" time="0.02"/>
  <system-out><![CDATA[]]></system-out>
  <system-err><![CDATA[]]></system-err>
</testsuite>
