<?xml version="1.0" encoding="UTF-8"?>
<testsuite name="com.tasks.SamplePrimeStreamingTest" tests="1" skipped="0" failures="0" errors="0" timestamp="2023-06-02T07:49:05" hostname="LAPTOP-DS1B2MLD" time="0.465">
  <properties/>
  <testcase name="basicTests()" classname="com.tasks.SamplePrimeStreamingTest" time="0.465"/>
  <system-out><![CDATA[]]></system-out>
  <system-err><![CDATA[]]></system-err>
</testsuite>
