<?xml version="1.0" encoding="UTF-8"?>
<testsuite name="com.tasks.StringSplitTest" tests="2" skipped="0" failures="0" errors="0" timestamp="2023-06-04T16:34:11" hostname="LAPTOP-DS1B2MLD" time="0.018">
  <properties/>
  <testcase name="testEvenString()" classname="com.tasks.StringSplitTest" time="0.017"/>
  <testcase name="testOddString()" classname="com.tasks.StringSplitTest" time="0.001"/>
  <system-out><![CDATA[]]></system-out>
  <system-err><![CDATA[]]></system-err>
</testsuite>
