<?xml version="1.0" encoding="UTF-8"?>
<testsuite name="com.tasks.RowSumOddNumbersTest" tests="1" skipped="0" failures="0" errors="0" timestamp="2023-06-02T21:33:05" hostname="LAPTOP-DS1B2MLD" time="0.016">
  <properties/>
  <testcase name="test1()" classname="com.tasks.RowSumOddNumbersTest" time="0.016"/>
  <system-out><![CDATA[]]></system-out>
  <system-err><![CDATA[]]></system-err>
</testsuite>
