<?xml version="1.0" encoding="UTF-8"?>
<testsuite name="com.tasks.MultipliesOf3Or5Test" tests="1" skipped="0" failures="0" errors="0" timestamp="2023-04-11T15:09:33" hostname="LAPTOP-DS1B2MLD" time="0.017">
  <properties/>
  <testcase name="test()" classname="com.tasks.MultipliesOf3Or5Test" time="0.017"/>
  <system-out><![CDATA[]]></system-out>
  <system-err><![CDATA[]]></system-err>
</testsuite>
