<?xml version="1.0" encoding="UTF-8"?>
<testsuite name="com.tasks.CamelCaseTest" tests="2" skipped="0" failures="0" errors="0" timestamp="2023-06-08T18:00:15" hostname="LAPTOP-DS1B2MLD" time="0.054">
  <properties/>
  <testcase name="testSomeUnderscoreLowerStart()" classname="com.tasks.CamelCaseTest" time="0.052"/>
  <testcase name="testSomeDashLowerStart()" classname="com.tasks.CamelCaseTest" time="0.001"/>
  <system-out><![CDATA[input: the_Stealth_Warrior
input: the-Stealth-Warrior
]]></system-out>
  <system-err><![CDATA[]]></system-err>
</testsuite>
