<?xml version="1.0" encoding="UTF-8"?>
<testsuite name="com.tasks.GrowthOfAPopulationTest" tests="1" skipped="0" failures="0" errors="0" timestamp="2023-06-06T20:30:11" hostname="LAPTOP-DS1B2MLD" time="0.018">
  <properties/>
  <testcase name="test1()" classname="com.tasks.GrowthOfAPopulationTest" time="0.018"/>
  <system-out><![CDATA[Fixed Tests: nbYear
]]></system-out>
  <system-err><![CDATA[]]></system-err>
</testsuite>
