<?xml version="1.0" encoding="UTF-8"?>
<testsuite name="com.tasks.DigitalRootTest" tests="2" skipped="0" failures="0" errors="0" timestamp="2023-05-05T21:29:44" hostname="LAPTOP-DS1B2MLD" time="0.019">
  <properties/>
  <testcase name="Test1()" classname="com.tasks.DigitalRootTest" time="0.018"/>
  <testcase name="Test2()" classname="com.tasks.DigitalRootTest" time="0.001"/>
  <system-out><![CDATA[]]></system-out>
  <system-err><![CDATA[]]></system-err>
</testsuite>
